[debug] [2020-05-09T13:00:54.800Z] ----------------------------------------------------------------------
[debug] [2020-05-09T13:00:54.804Z] Command:       /Users/kanekoryouma/.nodebrew/node/v12.16.1/bin/node /Users/kanekoryouma/.nodebrew/current/bin/firebase deploy
[debug] [2020-05-09T13:00:54.805Z] CLI Version:   8.1.1
[debug] [2020-05-09T13:00:54.805Z] Platform:      darwin
[debug] [2020-05-09T13:00:54.805Z] Node Version:  v12.16.1
[debug] [2020-05-09T13:00:54.810Z] Time:          Sat May 09 2020 22:00:54 GMT+0900 (GMT+09:00)
[debug] [2020-05-09T13:00:54.811Z] ----------------------------------------------------------------------
[debug] [2020-05-09T13:00:54.811Z] 
[debug] [2020-05-09T13:00:54.835Z] > command requires scopes: ["email","openid","https://www.googleapis.com/auth/cloudplatformprojects.readonly","https://www.googleapis.com/auth/firebase","https://www.googleapis.com/auth/cloud-platform"]
[debug] [2020-05-09T13:00:54.835Z] > authorizing via signed-in user
[debug] [2020-05-09T13:00:54.836Z] [iam] checking project bj-hair-dream for permissions ["firebase.projects.get","firebasehosting.sites.update"]
[debug] [2020-05-09T13:00:54.837Z] > refreshing access token with scopes: ["email","https://www.googleapis.com/auth/cloud-platform","https://www.googleapis.com/auth/cloudplatformprojects.readonly","https://www.googleapis.com/auth/firebase","openid"]
[debug] [2020-05-09T13:00:54.837Z] >>> HTTP REQUEST POST https://www.googleapis.com/oauth2/v3/token  
 <request body omitted>
[debug] [2020-05-09T13:00:55.341Z] <<< HTTP RESPONSE 200 {"content-type":"application/json; charset=utf-8","vary":"X-Origin, Referer, Origin,Accept-Encoding","date":"Sat, 09 May 2020 13:00:55 GMT","server":"scaffolding on HTTPServer2","cache-control":"private","x-xss-protection":"0","x-frame-options":"SAMEORIGIN","x-content-type-options":"nosniff","alt-svc":"h3-27=\":443\"; ma=2592000,h3-25=\":443\"; ma=2592000,h3-Q050=\":443\"; ma=2592000,h3-Q049=\":443\"; ma=2592000,h3-Q048=\":443\"; ma=2592000,h3-Q046=\":443\"; ma=2592000,h3-Q043=\":443\"; ma=2592000,quic=\":443\"; ma=2592000; v=\"46,43\"","accept-ranges":"none","transfer-encoding":"chunked"}
[debug] [2020-05-09T13:00:55.367Z] >>> HTTP REQUEST POST https://cloudresourcemanager.googleapis.com/v1/projects/bj-hair-dream:testIamPermissions  
 {"permissions":["firebase.projects.get","firebasehosting.sites.update"]}
[debug] [2020-05-09T13:00:56.416Z] <<< HTTP RESPONSE 200 {"content-type":"application/json; charset=UTF-8","vary":"X-Origin, Referer, Origin,Accept-Encoding","date":"Sat, 09 May 2020 13:00:56 GMT","server":"ESF","cache-control":"private","x-xss-protection":"0","x-frame-options":"SAMEORIGIN","x-content-type-options":"nosniff","server-timing":"gfet4t7; dur=696","alt-svc":"h3-27=\":443\"; ma=2592000,h3-25=\":443\"; ma=2592000,h3-Q050=\":443\"; ma=2592000,h3-Q049=\":443\"; ma=2592000,h3-Q048=\":443\"; ma=2592000,h3-Q046=\":443\"; ma=2592000,h3-Q043=\":443\"; ma=2592000,quic=\":443\"; ma=2592000; v=\"46,43\"","accept-ranges":"none","transfer-encoding":"chunked"}
[debug] [2020-05-09T13:00:56.417Z] [iam] error while checking permissions, command may fail: FirebaseError: Authorization failed. This account is missing the following required permissions on project bj-hair-dream:

  firebase.projects.get
  firebasehosting.sites.update
[debug] [2020-05-09T13:00:56.418Z] >>> HTTP REQUEST GET https://firebase.googleapis.com/v1beta1/projects/bj-hair-dream  
 
[debug] [2020-05-09T13:00:57.485Z] <<< HTTP RESPONSE 403 {"vary":"X-Origin, Referer, Origin,Accept-Encoding","content-type":"application/json; charset=UTF-8","date":"Sat, 09 May 2020 13:00:57 GMT","server":"ESF","cache-control":"private","x-xss-protection":"0","x-frame-options":"SAMEORIGIN","x-content-type-options":"nosniff","alt-svc":"h3-27=\":443\"; ma=2592000,h3-25=\":443\"; ma=2592000,h3-Q050=\":443\"; ma=2592000,h3-Q049=\":443\"; ma=2592000,h3-Q048=\":443\"; ma=2592000,h3-Q046=\":443\"; ma=2592000,h3-Q043=\":443\"; ma=2592000,quic=\":443\"; ma=2592000; v=\"46,43\"","accept-ranges":"none","transfer-encoding":"chunked"}
[debug] [2020-05-09T13:00:57.485Z] <<< HTTP RESPONSE BODY {"error":{"code":403,"message":"The caller does not have permission","status":"PERMISSION_DENIED"}}
[debug] [2020-05-09T13:00:57.487Z] HTTP Error: 403, The caller does not have permission
[debug] [2020-05-09T13:00:57.865Z] FirebaseError: HTTP Error: 403, The caller does not have permission
    at module.exports (/Users/kanekoryouma/.nodebrew/node/v12.16.1/lib/node_modules/firebase-tools/lib/responseToError.js:38:12)
    at Request._callback (/Users/kanekoryouma/.nodebrew/node/v12.16.1/lib/node_modules/firebase-tools/lib/api.js:41:35)
    at Request.self.callback (/Users/kanekoryouma/.nodebrew/node/v12.16.1/lib/node_modules/firebase-tools/node_modules/request/request.js:185:22)
    at Request.emit (events.js:311:20)
    at Request.EventEmitter.emit (domain.js:482:12)
    at Request.<anonymous> (/Users/kanekoryouma/.nodebrew/node/v12.16.1/lib/node_modules/firebase-tools/node_modules/request/request.js:1154:10)
    at Request.emit (events.js:311:20)
    at Request.EventEmitter.emit (domain.js:482:12)
    at IncomingMessage.<anonymous> (/Users/kanekoryouma/.nodebrew/node/v12.16.1/lib/node_modules/firebase-tools/node_modules/request/request.js:1076:12)
    at Object.onceWrapper (events.js:417:28)
    at IncomingMessage.emit (events.js:323:22)
    at IncomingMessage.EventEmitter.emit (domain.js:482:12)
    at endReadableNT (_stream_readable.js:1204:12)
    at processTicksAndRejections (internal/process/task_queues.js:84:21)
[error] 
[error] Error: Failed to get Firebase project bj-hair-dream. Please make sure the project exists and your account has permission to access it.
